mode: set
github.com/ViktorOHJ/expense-tracker/pkg/api/AddHandler.go:11.69,15.16 3 0
github.com/ViktorOHJ/expense-tracker/pkg/api/AddHandler.go:15.16,18.3 2 0
github.com/ViktorOHJ/expense-tracker/pkg/api/AddHandler.go:19.2,20.16 2 0
github.com/ViktorOHJ/expense-tracker/pkg/api/AddHandler.go:20.16,23.3 2 0
github.com/ViktorOHJ/expense-tracker/pkg/api/AddHandler.go:25.2,25.29 1 0
github.com/ViktorOHJ/expense-tracker/pkg/api/AddHandler.go:25.29,28.3 2 0
github.com/ViktorOHJ/expense-tracker/pkg/api/AddHandler.go:29.2,31.16 3 0
github.com/ViktorOHJ/expense-tracker/pkg/api/AddHandler.go:31.16,34.3 2 0
github.com/ViktorOHJ/expense-tracker/pkg/api/AddHandler.go:35.2,35.13 1 0
github.com/ViktorOHJ/expense-tracker/pkg/api/AddHandler.go:35.13,38.3 2 0
github.com/ViktorOHJ/expense-tracker/pkg/api/AddHandler.go:40.2,41.16 2 0
github.com/ViktorOHJ/expense-tracker/pkg/api/AddHandler.go:41.16,44.3 2 0
github.com/ViktorOHJ/expense-tracker/pkg/api/AddHandler.go:46.2,50.43 2 0
github.com/ViktorOHJ/expense-tracker/pkg/api/CategoriesHandler.go:11.76,14.16 3 0
github.com/ViktorOHJ/expense-tracker/pkg/api/CategoriesHandler.go:14.16,17.3 2 0
github.com/ViktorOHJ/expense-tracker/pkg/api/CategoriesHandler.go:18.2,19.16 2 0
github.com/ViktorOHJ/expense-tracker/pkg/api/CategoriesHandler.go:19.16,22.3 2 0
github.com/ViktorOHJ/expense-tracker/pkg/api/CategoriesHandler.go:23.2,23.25 1 0
github.com/ViktorOHJ/expense-tracker/pkg/api/CategoriesHandler.go:23.25,26.3 2 0
github.com/ViktorOHJ/expense-tracker/pkg/api/CategoriesHandler.go:28.2,29.16 2 0
github.com/ViktorOHJ/expense-tracker/pkg/api/CategoriesHandler.go:29.16,32.3 2 0
github.com/ViktorOHJ/expense-tracker/pkg/api/CategoriesHandler.go:33.2,37.43 2 0
github.com/ViktorOHJ/expense-tracker/pkg/api/DeleteHandler.go:15.72,17.17 2 0
github.com/ViktorOHJ/expense-tracker/pkg/api/DeleteHandler.go:17.17,20.3 2 0
github.com/ViktorOHJ/expense-tracker/pkg/api/DeleteHandler.go:21.2,22.27 2 0
github.com/ViktorOHJ/expense-tracker/pkg/api/DeleteHandler.go:22.27,25.3 2 0
github.com/ViktorOHJ/expense-tracker/pkg/api/DeleteHandler.go:27.2,28.36 2 0
github.com/ViktorOHJ/expense-tracker/pkg/api/DeleteHandler.go:28.36,31.3 2 0
github.com/ViktorOHJ/expense-tracker/pkg/api/DeleteHandler.go:32.2,32.16 1 0
github.com/ViktorOHJ/expense-tracker/pkg/api/DeleteHandler.go:32.16,36.3 3 0
github.com/ViktorOHJ/expense-tracker/pkg/api/DeleteHandler.go:37.2,39.4 1 0
github.com/ViktorOHJ/expense-tracker/pkg/api/GetHandler.go:13.69,18.18 4 0
github.com/ViktorOHJ/expense-tracker/pkg/api/GetHandler.go:18.18,19.17 1 0
github.com/ViktorOHJ/expense-tracker/pkg/api/GetHandler.go:20.15,22.20 2 0
github.com/ViktorOHJ/expense-tracker/pkg/api/GetHandler.go:23.16,25.21 2 0
github.com/ViktorOHJ/expense-tracker/pkg/api/GetHandler.go:26.11,29.10 3 0
github.com/ViktorOHJ/expense-tracker/pkg/api/GetHandler.go:32.2,34.22 3 0
github.com/ViktorOHJ/expense-tracker/pkg/api/GetHandler.go:34.22,36.17 2 0
github.com/ViktorOHJ/expense-tracker/pkg/api/GetHandler.go:36.17,40.4 3 0
github.com/ViktorOHJ/expense-tracker/pkg/api/GetHandler.go:41.3,41.19 1 0
github.com/ViktorOHJ/expense-tracker/pkg/api/GetHandler.go:44.2,46.16 3 0
github.com/ViktorOHJ/expense-tracker/pkg/api/GetHandler.go:46.16,48.17 2 0
github.com/ViktorOHJ/expense-tracker/pkg/api/GetHandler.go:48.17,52.4 3 0
github.com/ViktorOHJ/expense-tracker/pkg/api/GetHandler.go:53.3,53.16 1 0
github.com/ViktorOHJ/expense-tracker/pkg/api/GetHandler.go:55.2,56.14 2 0
github.com/ViktorOHJ/expense-tracker/pkg/api/GetHandler.go:56.14,58.17 2 0
github.com/ViktorOHJ/expense-tracker/pkg/api/GetHandler.go:58.17,62.4 3 0
github.com/ViktorOHJ/expense-tracker/pkg/api/GetHandler.go:63.3,63.14 1 0
github.com/ViktorOHJ/expense-tracker/pkg/api/GetHandler.go:65.2,67.30 3 0
github.com/ViktorOHJ/expense-tracker/pkg/api/GetHandler.go:67.30,71.3 3 0
github.com/ViktorOHJ/expense-tracker/pkg/api/GetHandler.go:72.2,74.28 3 0
github.com/ViktorOHJ/expense-tracker/pkg/api/GetHandler.go:74.28,78.3 3 0
github.com/ViktorOHJ/expense-tracker/pkg/api/GetHandler.go:79.2,79.15 1 0
github.com/ViktorOHJ/expense-tracker/pkg/api/GetHandler.go:79.15,81.3 1 0
github.com/ViktorOHJ/expense-tracker/pkg/api/GetHandler.go:82.2,84.16 3 0
github.com/ViktorOHJ/expense-tracker/pkg/api/GetHandler.go:84.16,87.3 2 0
github.com/ViktorOHJ/expense-tracker/pkg/api/GetHandler.go:88.2,89.28 2 0
github.com/ViktorOHJ/expense-tracker/pkg/api/GetHandler.go:89.28,94.3 1 0
github.com/ViktorOHJ/expense-tracker/pkg/api/GetHandler.go:94.8,99.3 1 0
github.com/ViktorOHJ/expense-tracker/pkg/api/GetHandler.go:100.2,100.38 1 0
github.com/ViktorOHJ/expense-tracker/pkg/api/SummaryHandler.go:13.73,17.34 3 0
github.com/ViktorOHJ/expense-tracker/pkg/api/SummaryHandler.go:17.34,20.3 2 0
github.com/ViktorOHJ/expense-tracker/pkg/api/SummaryHandler.go:21.2,22.16 2 0
github.com/ViktorOHJ/expense-tracker/pkg/api/SummaryHandler.go:22.16,25.3 2 0
github.com/ViktorOHJ/expense-tracker/pkg/api/SummaryHandler.go:26.2,27.16 2 0
github.com/ViktorOHJ/expense-tracker/pkg/api/SummaryHandler.go:27.16,30.3 2 0
github.com/ViktorOHJ/expense-tracker/pkg/api/SummaryHandler.go:32.2,32.21 1 0
github.com/ViktorOHJ/expense-tracker/pkg/api/SummaryHandler.go:32.21,35.3 2 0
github.com/ViktorOHJ/expense-tracker/pkg/api/SummaryHandler.go:36.2,37.16 2 0
github.com/ViktorOHJ/expense-tracker/pkg/api/SummaryHandler.go:37.16,41.3 3 0
github.com/ViktorOHJ/expense-tracker/pkg/api/SummaryHandler.go:42.2,46.38 2 0
github.com/ViktorOHJ/expense-tracker/pkg/api/TransactionByIdHandler.go:14.81,16.17 2 0
github.com/ViktorOHJ/expense-tracker/pkg/api/TransactionByIdHandler.go:16.17,19.3 2 0
github.com/ViktorOHJ/expense-tracker/pkg/api/TransactionByIdHandler.go:20.2,21.27 2 0
github.com/ViktorOHJ/expense-tracker/pkg/api/TransactionByIdHandler.go:21.27,24.3 2 0
github.com/ViktorOHJ/expense-tracker/pkg/api/TransactionByIdHandler.go:26.2,28.36 2 0
github.com/ViktorOHJ/expense-tracker/pkg/api/TransactionByIdHandler.go:28.36,31.3 2 0
github.com/ViktorOHJ/expense-tracker/pkg/api/TransactionByIdHandler.go:32.2,32.16 1 0
github.com/ViktorOHJ/expense-tracker/pkg/api/TransactionByIdHandler.go:32.16,35.3 2 0
github.com/ViktorOHJ/expense-tracker/pkg/api/TransactionByIdHandler.go:37.2,41.38 2 0
github.com/ViktorOHJ/expense-tracker/pkg/api/api.go:16.34,20.2 1 0
github.com/ViktorOHJ/expense-tracker/pkg/api/api.go:22.44,29.2 6 0
github.com/ViktorOHJ/expense-tracker/pkg/api/api.go:31.75,32.18 1 0
github.com/ViktorOHJ/expense-tracker/pkg/api/api.go:33.22,34.33 1 0
github.com/ViktorOHJ/expense-tracker/pkg/api/api.go:35.25,36.24 1 0
github.com/ViktorOHJ/expense-tracker/pkg/api/api.go:37.10,38.66 1 0
github.com/ViktorOHJ/expense-tracker/pkg/api/api.go:42.77,43.18 1 0
github.com/ViktorOHJ/expense-tracker/pkg/api/api.go:44.23,45.21 1 0
github.com/ViktorOHJ/expense-tracker/pkg/api/api.go:46.22,47.21 1 0
github.com/ViktorOHJ/expense-tracker/pkg/api/api.go:48.10,49.66 1 0
github.com/ViktorOHJ/expense-tracker/pkg/api/api.go:53.72,57.16 4 0
github.com/ViktorOHJ/expense-tracker/pkg/api/api.go:57.16,60.3 2 0
github.com/ViktorOHJ/expense-tracker/pkg/api/api.go:61.2,61.15 1 0
github.com/ViktorOHJ/expense-tracker/pkg/api/api.go:64.72,66.2 1 0
github.com/ViktorOHJ/expense-tracker/cmd/app/main.go:14.13,16.16 2 0
github.com/ViktorOHJ/expense-tracker/cmd/app/main.go:16.16,18.3 1 0
github.com/ViktorOHJ/expense-tracker/cmd/app/main.go:19.2,22.16 3 0
github.com/ViktorOHJ/expense-tracker/cmd/app/main.go:22.16,24.3 1 0
github.com/ViktorOHJ/expense-tracker/cmd/app/main.go:25.2,34.16 7 0
github.com/ViktorOHJ/expense-tracker/cmd/app/main.go:34.16,36.3 1 0
github.com/ViktorOHJ/expense-tracker/cmd/app/main.go:37.2,39.16 3 0
github.com/ViktorOHJ/expense-tracker/cmd/app/main.go:39.16,41.3 1 0
github.com/ViktorOHJ/expense-tracker/pkg/mocks/DB.go:21.95,24.19 2 0
github.com/ViktorOHJ/expense-tracker/pkg/mocks/DB.go:24.19,25.53 1 0
github.com/ViktorOHJ/expense-tracker/pkg/mocks/DB.go:28.2,30.97 3 0
github.com/ViktorOHJ/expense-tracker/pkg/mocks/DB.go:30.97,32.3 1 0
github.com/ViktorOHJ/expense-tracker/pkg/mocks/DB.go:33.2,33.88 1 0
github.com/ViktorOHJ/expense-tracker/pkg/mocks/DB.go:33.88,35.3 1 0
github.com/ViktorOHJ/expense-tracker/pkg/mocks/DB.go:35.8,37.3 1 0
github.com/ViktorOHJ/expense-tracker/pkg/mocks/DB.go:39.2,39.78 1 0
github.com/ViktorOHJ/expense-tracker/pkg/mocks/DB.go:39.78,41.3 1 0
github.com/ViktorOHJ/expense-tracker/pkg/mocks/DB.go:41.8,43.3 1 0
github.com/ViktorOHJ/expense-tracker/pkg/mocks/DB.go:45.2,45.15 1 0
github.com/ViktorOHJ/expense-tracker/pkg/mocks/DB.go:49.104,52.19 2 0
github.com/ViktorOHJ/expense-tracker/pkg/mocks/DB.go:52.19,53.56 1 0
github.com/ViktorOHJ/expense-tracker/pkg/mocks/DB.go:56.2,58.103 3 0
github.com/ViktorOHJ/expense-tracker/pkg/mocks/DB.go:58.103,60.3 1 0
github.com/ViktorOHJ/expense-tracker/pkg/mocks/DB.go:61.2,61.94 1 0
github.com/ViktorOHJ/expense-tracker/pkg/mocks/DB.go:61.94,63.3 1 0
github.com/ViktorOHJ/expense-tracker/pkg/mocks/DB.go:63.8,65.3 1 0
github.com/ViktorOHJ/expense-tracker/pkg/mocks/DB.go:67.2,67.81 1 0
github.com/ViktorOHJ/expense-tracker/pkg/mocks/DB.go:67.81,69.3 1 0
github.com/ViktorOHJ/expense-tracker/pkg/mocks/DB.go:69.8,71.3 1 0
github.com/ViktorOHJ/expense-tracker/pkg/mocks/DB.go:73.2,73.15 1 0
github.com/ViktorOHJ/expense-tracker/pkg/mocks/DB.go:77.73,80.19 2 0
github.com/ViktorOHJ/expense-tracker/pkg/mocks/DB.go:80.19,81.55 1 0
github.com/ViktorOHJ/expense-tracker/pkg/mocks/DB.go:84.2,86.73 3 0
github.com/ViktorOHJ/expense-tracker/pkg/mocks/DB.go:86.73,88.3 1 0
github.com/ViktorOHJ/expense-tracker/pkg/mocks/DB.go:89.2,89.64 1 0
github.com/ViktorOHJ/expense-tracker/pkg/mocks/DB.go:89.64,91.3 1 0
github.com/ViktorOHJ/expense-tracker/pkg/mocks/DB.go:91.8,93.3 1 0
github.com/ViktorOHJ/expense-tracker/pkg/mocks/DB.go:95.2,95.65 1 0
github.com/ViktorOHJ/expense-tracker/pkg/mocks/DB.go:95.65,97.3 1 0
github.com/ViktorOHJ/expense-tracker/pkg/mocks/DB.go:97.8,99.3 1 0
github.com/ViktorOHJ/expense-tracker/pkg/mocks/DB.go:101.2,101.15 1 0
github.com/ViktorOHJ/expense-tracker/pkg/mocks/DB.go:105.69,108.19 2 0
github.com/ViktorOHJ/expense-tracker/pkg/mocks/DB.go:108.19,109.59 1 0
github.com/ViktorOHJ/expense-tracker/pkg/mocks/DB.go:112.2,113.65 2 0
github.com/ViktorOHJ/expense-tracker/pkg/mocks/DB.go:113.65,115.3 1 0
github.com/ViktorOHJ/expense-tracker/pkg/mocks/DB.go:115.8,117.3 1 0
github.com/ViktorOHJ/expense-tracker/pkg/mocks/DB.go:119.2,119.11 1 0
github.com/ViktorOHJ/expense-tracker/pkg/mocks/DB.go:123.107,126.19 2 0
github.com/ViktorOHJ/expense-tracker/pkg/mocks/DB.go:126.19,127.52 1 0
github.com/ViktorOHJ/expense-tracker/pkg/mocks/DB.go:130.2,132.100 3 0
github.com/ViktorOHJ/expense-tracker/pkg/mocks/DB.go:132.100,134.3 1 0
github.com/ViktorOHJ/expense-tracker/pkg/mocks/DB.go:135.2,135.91 1 0
github.com/ViktorOHJ/expense-tracker/pkg/mocks/DB.go:135.91,137.3 1 0
github.com/ViktorOHJ/expense-tracker/pkg/mocks/DB.go:137.8,139.3 1 0
github.com/ViktorOHJ/expense-tracker/pkg/mocks/DB.go:141.2,141.82 1 0
github.com/ViktorOHJ/expense-tracker/pkg/mocks/DB.go:141.82,143.3 1 0
github.com/ViktorOHJ/expense-tracker/pkg/mocks/DB.go:143.8,145.3 1 0
github.com/ViktorOHJ/expense-tracker/pkg/mocks/DB.go:147.2,147.15 1 0
github.com/ViktorOHJ/expense-tracker/pkg/mocks/DB.go:151.92,154.19 2 0
github.com/ViktorOHJ/expense-tracker/pkg/mocks/DB.go:154.19,155.60 1 0
github.com/ViktorOHJ/expense-tracker/pkg/mocks/DB.go:158.2,160.87 3 0
github.com/ViktorOHJ/expense-tracker/pkg/mocks/DB.go:160.87,162.3 1 0
github.com/ViktorOHJ/expense-tracker/pkg/mocks/DB.go:163.2,163.78 1 0
github.com/ViktorOHJ/expense-tracker/pkg/mocks/DB.go:163.78,165.3 1 0
github.com/ViktorOHJ/expense-tracker/pkg/mocks/DB.go:165.8,167.3 1 0
github.com/ViktorOHJ/expense-tracker/pkg/mocks/DB.go:169.2,169.65 1 0
github.com/ViktorOHJ/expense-tracker/pkg/mocks/DB.go:169.65,171.3 1 0
github.com/ViktorOHJ/expense-tracker/pkg/mocks/DB.go:171.8,173.3 1 0
github.com/ViktorOHJ/expense-tracker/pkg/mocks/DB.go:175.2,175.15 1 0
github.com/ViktorOHJ/expense-tracker/pkg/mocks/DB.go:179.176,182.19 2 0
github.com/ViktorOHJ/expense-tracker/pkg/mocks/DB.go:182.19,183.57 1 0
github.com/ViktorOHJ/expense-tracker/pkg/mocks/DB.go:186.2,188.132 3 0
github.com/ViktorOHJ/expense-tracker/pkg/mocks/DB.go:188.132,190.3 1 0
github.com/ViktorOHJ/expense-tracker/pkg/mocks/DB.go:191.2,191.123 1 0
github.com/ViktorOHJ/expense-tracker/pkg/mocks/DB.go:191.123,193.3 1 0
github.com/ViktorOHJ/expense-tracker/pkg/mocks/DB.go:193.8,194.24 1 0
github.com/ViktorOHJ/expense-tracker/pkg/mocks/DB.go:194.24,196.4 1 0
github.com/ViktorOHJ/expense-tracker/pkg/mocks/DB.go:199.2,199.107 1 0
github.com/ViktorOHJ/expense-tracker/pkg/mocks/DB.go:199.107,201.3 1 0
github.com/ViktorOHJ/expense-tracker/pkg/mocks/DB.go:201.8,203.3 1 0
github.com/ViktorOHJ/expense-tracker/pkg/mocks/DB.go:205.2,205.15 1 0
github.com/ViktorOHJ/expense-tracker/pkg/mocks/DB.go:213.8,217.19 3 0
github.com/ViktorOHJ/expense-tracker/pkg/mocks/DB.go:217.19,217.49 1 0
github.com/ViktorOHJ/expense-tracker/pkg/mocks/DB.go:219.2,219.13 1 0
github.com/ViktorOHJ/expense-tracker/pkg/db/AddCategory.go:12.111,18.16 6 0
github.com/ViktorOHJ/expense-tracker/pkg/db/AddCategory.go:18.16,21.3 2 0
github.com/ViktorOHJ/expense-tracker/pkg/db/AddCategory.go:22.2,22.22 1 0
github.com/ViktorOHJ/expense-tracker/pkg/db/AddTransaction.go:12.116,21.16 6 0
github.com/ViktorOHJ/expense-tracker/pkg/db/AddTransaction.go:21.16,24.3 2 0
github.com/ViktorOHJ/expense-tracker/pkg/db/AddTransaction.go:25.2,25.25 1 0
github.com/ViktorOHJ/expense-tracker/pkg/db/AddTransaction.go:28.97,35.16 5 0
github.com/ViktorOHJ/expense-tracker/pkg/db/AddTransaction.go:35.16,38.3 2 0
github.com/ViktorOHJ/expense-tracker/pkg/db/AddTransaction.go:39.2,39.20 1 0
github.com/ViktorOHJ/expense-tracker/pkg/db/DeleteTransactions.go:10.82,16.16 5 0
github.com/ViktorOHJ/expense-tracker/pkg/db/DeleteTransactions.go:16.16,18.3 1 0
github.com/ViktorOHJ/expense-tracker/pkg/db/DeleteTransactions.go:19.2,19.29 1 0
github.com/ViktorOHJ/expense-tracker/pkg/db/DeleteTransactions.go:19.29,21.3 1 0
github.com/ViktorOHJ/expense-tracker/pkg/db/DeleteTransactions.go:22.2,23.12 2 0
github.com/ViktorOHJ/expense-tracker/pkg/db/GetSummary.go:11.105,24.16 6 0
github.com/ViktorOHJ/expense-tracker/pkg/db/GetSummary.go:24.16,27.3 2 0
github.com/ViktorOHJ/expense-tracker/pkg/db/GetSummary.go:28.2,29.21 2 0
github.com/ViktorOHJ/expense-tracker/pkg/db/GetTransactionByID.go:13.105,22.16 7 0
github.com/ViktorOHJ/expense-tracker/pkg/db/GetTransactionByID.go:22.16,23.27 1 0
github.com/ViktorOHJ/expense-tracker/pkg/db/GetTransactionByID.go:23.27,26.4 2 0
github.com/ViktorOHJ/expense-tracker/pkg/db/GetTransactionByID.go:27.3,28.85 2 0
github.com/ViktorOHJ/expense-tracker/pkg/db/GetTransactionByID.go:30.2,30.25 1 0
github.com/ViktorOHJ/expense-tracker/pkg/db/GetTransactions.go:12.169,17.19 4 0
github.com/ViktorOHJ/expense-tracker/pkg/db/GetTransactions.go:17.19,21.3 3 0
github.com/ViktorOHJ/expense-tracker/pkg/db/GetTransactions.go:22.2,22.24 1 0
github.com/ViktorOHJ/expense-tracker/pkg/db/GetTransactions.go:22.24,26.3 3 0
github.com/ViktorOHJ/expense-tracker/pkg/db/GetTransactions.go:27.2,27.17 1 0
github.com/ViktorOHJ/expense-tracker/pkg/db/GetTransactions.go:27.17,31.3 3 0
github.com/ViktorOHJ/expense-tracker/pkg/db/GetTransactions.go:32.2,32.15 1 0
github.com/ViktorOHJ/expense-tracker/pkg/db/GetTransactions.go:32.15,36.3 3 0
github.com/ViktorOHJ/expense-tracker/pkg/db/GetTransactions.go:37.2,44.16 6 0
github.com/ViktorOHJ/expense-tracker/pkg/db/GetTransactions.go:44.16,47.3 2 0
github.com/ViktorOHJ/expense-tracker/pkg/db/GetTransactions.go:48.2,51.18 3 0
github.com/ViktorOHJ/expense-tracker/pkg/db/GetTransactions.go:51.18,54.17 3 0
github.com/ViktorOHJ/expense-tracker/pkg/db/GetTransactions.go:54.17,57.4 2 0
github.com/ViktorOHJ/expense-tracker/pkg/db/GetTransactions.go:58.3,58.52 1 0
github.com/ViktorOHJ/expense-tracker/pkg/db/GetTransactions.go:60.2,60.35 1 0
github.com/ViktorOHJ/expense-tracker/pkg/db/GetTransactions.go:60.35,63.3 2 0
github.com/ViktorOHJ/expense-tracker/pkg/db/GetTransactions.go:64.2,64.26 1 0
github.com/ViktorOHJ/expense-tracker/pkg/db/db.go:26.52,28.2 1 0
github.com/ViktorOHJ/expense-tracker/pkg/db/db.go:32.77,55.16 5 0
github.com/ViktorOHJ/expense-tracker/pkg/db/db.go:55.16,57.3 1 0
github.com/ViktorOHJ/expense-tracker/pkg/db/db.go:60.2,61.16 2 0
github.com/ViktorOHJ/expense-tracker/pkg/db/db.go:61.16,64.3 2 0
github.com/ViktorOHJ/expense-tracker/pkg/db/db.go:66.2,67.16 2 0
github.com/ViktorOHJ/expense-tracker/pkg/db/db.go:67.16,70.3 2 0
github.com/ViktorOHJ/expense-tracker/pkg/db/db.go:72.2,72.18 1 0
